<?xml version="1.0" encoding="UTF-8"?>
<!-- Generated by org.testng.reporters.JUnitXMLReporter -->
<testsuite ignored="0" hostname="DESKTOP-TV6HHHE" failures="0" tests="2" name="Default test" time="0.106" errors="0" timestamp="2020-08-18T18:02:43 IST">
  <testcase classname="project.Ubuy" name="@BeforeSuite openBrowser" time="-1.597753963387E9">
    <failure type="org.testng.TestNGException" message="
Parameter &amp;apos;browser&amp;apos; is required by BeforeSuite on method openBrowser but has not been marked @Optional or defined
in C:\Users\Acer\AppData\Local\Temp\testng-eclipse-2083175159\testng-customsuite.xml">
      <![CDATA[org.testng.TestNGException: 
Parameter 'browser' is required by BeforeSuite on method openBrowser but has not been marked @Optional or defined
in C:\Users\Acer\AppData\Local\Temp\testng-eclipse-2083175159\testng-customsuite.xml
at org.testng.internal.Parameters.createParams(Parameters.java:268)
at org.testng.internal.Parameters.createParametersForMethod(Parameters.java:356)
at org.testng.internal.Parameters.createParameters(Parameters.java:700)
at org.testng.internal.Parameters.createConfigurationParameters(Parameters.java:166)
at org.testng.internal.ConfigInvoker.invokeConfigurations(ConfigInvoker.java:299)
at org.testng.SuiteRunner.privateRun(SuiteRunner.java:327)
at org.testng.SuiteRunner.run(SuiteRunner.java:286)
at org.testng.SuiteRunnerWorker.runSuite(SuiteRunnerWorker.java:53)
at org.testng.SuiteRunnerWorker.run(SuiteRunnerWorker.java:96)
at org.testng.TestNG.runSuitesSequentially(TestNG.java:1214)
at org.testng.TestNG.runSuitesLocally(TestNG.java:1136)
at org.testng.TestNG.runSuites(TestNG.java:1066)
at org.testng.TestNG.run(TestNG.java:1034)
at org.testng.remote.AbstractRemoteTestNG.run(AbstractRemoteTestNG.java:115)
at org.testng.remote.RemoteTestNG.initAndRun(RemoteTestNG.java:251)
at org.testng.remote.RemoteTestNG.main(RemoteTestNG.java:77)
]]>
    </failure>
  </testcase> <!-- @BeforeSuite openBrowser -->
  <testcase classname="project.Ubuy" name="@BeforeTest openWebsite" time="-1.597753963424E9">
    <skipped/>
  </testcase> <!-- @BeforeTest openWebsite -->
  <testcase classname="project.Ubuy" name="searchItem" time="0.0">
    <skipped/>
  </testcase> <!-- searchItem -->
  <testcase classname="project.Ubuy" name="addToCart" time="0.0">
    <skipped/>
  </testcase> <!-- addToCart -->
</testsuite> <!-- Default test -->
